<?xml version="1.0" encoding="UTF-8"?>
<testng-results total="9" passed="9" failed="0" skipped="0">
  <reporter-output>
  </reporter-output>
  <suite started-at="2022-11-29T16:07:06Z" name="Surefire suite" finished-at="2022-11-29T16:08:23Z" duration-ms="77242">
    <groups>
    </groups>
    <test started-at="2022-11-29T16:07:06Z" name="Surefire test" finished-at="2022-11-29T16:08:23Z" duration-ms="77242">
      <class name="tatacliq.testcases">
        <test-method is-config="true" signature="beforetest()[pri:0, instance:tatacliq.testcases@3fc2959f]" started-at="2022-11-29T21:37:06Z" name="beforetest" finished-at="2022-11-29T21:37:51Z" duration-ms="44574" status="PASS">
          <reporter-output>
          </reporter-output>
        </test-method> <!-- beforetest -->
        <test-method signature="Testcase1()[pri:0, instance:tatacliq.testcases@3fc2959f]" started-at="2022-11-29T21:37:51Z" name="Testcase1" finished-at="2022-11-29T21:37:56Z" duration-ms="5091" status="PASS">
          <reporter-output>
          </reporter-output>
        </test-method> <!-- Testcase1 -->
        <test-method signature="Testcase2()[pri:1, instance:tatacliq.testcases@3fc2959f]" started-at="2022-11-29T21:37:56Z" name="Testcase2" finished-at="2022-11-29T21:37:58Z" duration-ms="2003" status="PASS">
          <reporter-output>
          </reporter-output>
        </test-method> <!-- Testcase2 -->
        <test-method signature="Testcase3()[pri:2, instance:tatacliq.testcases@3fc2959f]" started-at="2022-11-29T21:37:58Z" name="Testcase3" finished-at="2022-11-29T21:38:03Z" duration-ms="5164" status="PASS">
          <reporter-output>
          </reporter-output>
        </test-method> <!-- Testcase3 -->
        <test-method signature="Testcase4()[pri:3, instance:tatacliq.testcases@3fc2959f]" started-at="2022-11-29T21:38:03Z" name="Testcase4" finished-at="2022-11-29T21:38:06Z" duration-ms="2807" status="PASS">
          <reporter-output>
          </reporter-output>
        </test-method> <!-- Testcase4 -->
        <test-method signature="Testcase5()[pri:4, instance:tatacliq.testcases@3fc2959f]" started-at="2022-11-29T21:38:06Z" name="Testcase5" finished-at="2022-11-29T21:38:10Z" duration-ms="3705" status="PASS">
          <reporter-output>
          </reporter-output>
        </test-method> <!-- Testcase5 -->
        <test-method signature="Testcase6()[pri:5, instance:tatacliq.testcases@3fc2959f]" started-at="2022-11-29T21:38:10Z" name="Testcase6" finished-at="2022-11-29T21:38:11Z" duration-ms="1603" status="PASS">
          <reporter-output>
          </reporter-output>
        </test-method> <!-- Testcase6 -->
        <test-method signature="Testcase7()[pri:6, instance:tatacliq.testcases@3fc2959f]" started-at="2022-11-29T21:38:11Z" name="Testcase7" finished-at="2022-11-29T21:38:16Z" duration-ms="4848" status="PASS">
          <reporter-output>
          </reporter-output>
        </test-method> <!-- Testcase7 -->
        <test-method signature="Testcase8()[pri:7, instance:tatacliq.testcases@3fc2959f]" started-at="2022-11-29T21:38:16Z" name="Testcase8" finished-at="2022-11-29T21:38:17Z" duration-ms="1358" status="PASS">
          <reporter-output>
          </reporter-output>
        </test-method> <!-- Testcase8 -->
        <test-method signature="Testcase9()[pri:8, instance:tatacliq.testcases@3fc2959f]" started-at="2022-11-29T21:38:17Z" name="Testcase9" finished-at="2022-11-29T21:38:23Z" duration-ms="5911" status="PASS">
          <reporter-output>
          </reporter-output>
        </test-method> <!-- Testcase9 -->
      </class> <!-- tatacliq.testcases -->
    </test> <!-- Surefire test -->
  </suite> <!-- Surefire suite -->
</testng-results>
