<?xml version="1.0" encoding="UTF-8"?>
<!-- Generated by org.testng.reporters.JUnitXMLReporter -->
<testsuite hostname="harshi" name="Default test" tests="9" failures="0" timestamp="29 Nov 2022 15:36:33 GMT" time="57.683" errors="0">
  <testcase name="Testcase1" time="6.576" classname="tatacliq.testcases"/>
  <testcase name="Testcase2" time="1.933" classname="tatacliq.testcases"/>
  <testcase name="Testcase3" time="5.281" classname="tatacliq.testcases"/>
  <testcase name="Testcase4" time="1.541" classname="tatacliq.testcases"/>
  <testcase name="Testcase5" time="1.204" classname="tatacliq.testcases"/>
  <testcase name="Testcase6" time="1.224" classname="tatacliq.testcases"/>
  <testcase name="Testcase7" time="2.922" classname="tatacliq.testcases"/>
  <testcase name="Testcase8" time="1.208" classname="tatacliq.testcases"/>
  <testcase name="Testcase9" time="10.124" classname="tatacliq.testcases"/>
</testsuite> <!-- Default test -->
